C51 COMPILER V9.52.0.0   LCD_INIT                                                          08/10/2021 09:49:27 PAGE 1   


C51 COMPILER V9.52.0.0, COMPILATION OF MODULE LCD_INIT
OBJECT MODULE PLACED IN lcd_init.obj
COMPILER INVOKED BY: C:\Keil4\C51\BIN\C51.EXE SRC\LCD\lcd_init.c LARGE BROWSE INCDIR(.\SRC\LED;.\SRC\LCD) DEBUG OBJECTEX
                    -TEND PRINT(.\lcd_init.lst) TABS(2) OBJECT(lcd_init.obj)

line level    source

   1          #include "lcd_init.h"
   2          
   3          //不准确延时函数
   4          void delay_ms(unsigned int ms)
   5          {                         
   6   1        unsigned int a;
   7   1        while(ms)
   8   1        {
   9   2          a=1800;
  10   2          while(a--);
  11   2          ms--;
  12   2        }
  13   1      }
  14          
  15          
  16          /******************************************************************************
  17                函数说明：LCD串行数据写入函数
  18                入口数据：dat  要写入的串行数据
  19                返回值：  无
  20          ******************************************************************************/
  21          void LCD_Writ_Bus(u8 dat) 
  22          { 
  23   1        u8 i;
  24   1        LCD_CS_Clr();
  25   1        for(i=0;i<8;i++)
  26   1        {       
  27   2          LCD_SCLK_Clr();
  28   2          if(dat&0x80)
  29   2          {
  30   3             LCD_MOSI_Set();
  31   3          }
  32   2          else
  33   2          {
  34   3             LCD_MOSI_Clr();
  35   3          }
  36   2          LCD_SCLK_Set();
  37   2          dat<<=1;
  38   2        } 
  39   1      }
  40          
  41          
  42          /******************************************************************************
  43                函数说明：LCD写入数据
  44                入口数据：dat 写入的数据
  45                返回值：  无
  46          ******************************************************************************/
  47          void LCD_WR_DATA8(u8 dat)
  48          {
  49   1        LCD_Writ_Bus(dat);
  50   1      }
  51          
  52          
  53          /******************************************************************************
  54                函数说明：LCD写入数据
C51 COMPILER V9.52.0.0   LCD_INIT                                                          08/10/2021 09:49:27 PAGE 2   

  55                入口数据：dat 写入的数据
  56                返回值：  无
  57          ******************************************************************************/
  58          void LCD_WR_DATA(u16 dat)
  59          {
  60   1        LCD_Writ_Bus(dat>>8);
  61   1        LCD_Writ_Bus(dat);
  62   1      }
  63          
  64          
  65          /******************************************************************************
  66                函数说明：LCD写入命令
  67                入口数据：dat 写入的命令
  68                返回值：  无
  69          ******************************************************************************/
  70          void LCD_WR_REG(u8 dat)
  71          {
  72   1        LCD_DC_Clr();//写命令
  73   1        LCD_Writ_Bus(dat);
  74   1        LCD_DC_Set();//写数据
  75   1      }
  76          
  77          
  78          /******************************************************************************
  79                函数说明：设置起始和结束地址
  80                入口数据：x1,x2 设置列的起始和结束地址
  81                          y1,y2 设置行的起始和结束地址
  82                返回值：  无
  83          ******************************************************************************/
  84          void LCD_Address_Set(u16 x1,u16 y1,u16 x2,u16 y2)
  85          {
  86   1          LCD_WR_REG(0x2a);//列地址设置
  87   1          LCD_WR_DATA(x1);
  88   1          LCD_WR_DATA(x2);
  89   1          LCD_WR_REG(0x2b);//行地址设置
  90   1          LCD_WR_DATA(y1);
  91   1          LCD_WR_DATA(y2);
  92   1          LCD_WR_REG(0x2c);//储存器写
  93   1      }
  94          
  95          
  96          /******************************************************************************
  97                函数说明：LCD初始化函数
  98                入口数据：无
  99                返回值：  无
 100          ******************************************************************************/
 101          void Lcd_Init(void)
 102          {
 103   1        LCD_RES_Clr();
 104   1        delay_ms(100);
 105   1        LCD_RES_Set();
 106   1        delay_ms(100);
 107   1        LCD_BLK_Set();
 108   1        delay_ms(100);
 109   1      LCD_WR_REG(0x11);
 110   1          delay_ms(100); //Delay 120ms
 111   1          LCD_WR_REG(0X36);// Memory Access Control
 112   1          if(USE_HORIZONTAL==0)LCD_WR_DATA8(0x00);
 113   1          else if(USE_HORIZONTAL==1)LCD_WR_DATA8(0xC0);
 114   1          else if(USE_HORIZONTAL==2)LCD_WR_DATA8(0x70);
 115   1          else LCD_WR_DATA8(0xA0);
 116   1          LCD_WR_REG(0X3A);
C51 COMPILER V9.52.0.0   LCD_INIT                                                          08/10/2021 09:49:27 PAGE 3   

 117   1          LCD_WR_DATA8(0X05);
 118   1        //--------------------------------ST7789S Frame rate setting-------------------------
 119   1      
 120   1          LCD_WR_REG(0xb2);
 121   1          LCD_WR_DATA8(0x0c);
 122   1          LCD_WR_DATA8(0x0c);
 123   1          LCD_WR_DATA8(0x00);
 124   1          LCD_WR_DATA8(0x33);
 125   1          LCD_WR_DATA8(0x33);
 126   1          LCD_WR_REG(0xb7);
 127   1          LCD_WR_DATA8(0x35);
 128   1          //---------------------------------ST7789S Power setting-----------------------------
 129   1      
 130   1          LCD_WR_REG(0xbb);
 131   1          LCD_WR_DATA8(0x35);
 132   1          LCD_WR_REG(0xc0);
 133   1          LCD_WR_DATA8(0x2c);
 134   1          LCD_WR_REG(0xc2);
 135   1          LCD_WR_DATA8(0x01);
 136   1          LCD_WR_REG(0xc3);
 137   1          LCD_WR_DATA8(0x13);
 138   1          LCD_WR_REG(0xc4);
 139   1          LCD_WR_DATA8(0x20);
 140   1          LCD_WR_REG(0xc6);
 141   1          LCD_WR_DATA8(0x0f);
 142   1          LCD_WR_REG(0xca);
 143   1          LCD_WR_DATA8(0x0f);
 144   1          LCD_WR_REG(0xc8);
 145   1          LCD_WR_DATA8(0x08);
 146   1          LCD_WR_REG(0x55);
 147   1          LCD_WR_DATA8(0x90);
 148   1          LCD_WR_REG(0xd0);
 149   1          LCD_WR_DATA8(0xa4);
 150   1          LCD_WR_DATA8(0xa1);
 151   1          //--------------------------------ST7789S gamma setting------------------------------
 152   1          LCD_WR_REG(0xe0);
 153   1          LCD_WR_DATA8(0xd0);
 154   1          LCD_WR_DATA8(0x00);
 155   1          LCD_WR_DATA8(0x06);
 156   1          LCD_WR_DATA8(0x09);
 157   1          LCD_WR_DATA8(0x0b);
 158   1          LCD_WR_DATA8(0x2a);
 159   1          LCD_WR_DATA8(0x3c);
 160   1          LCD_WR_DATA8(0x55);
 161   1          LCD_WR_DATA8(0x4b);
 162   1          LCD_WR_DATA8(0x08);
 163   1          LCD_WR_DATA8(0x16);
 164   1          LCD_WR_DATA8(0x14);
 165   1          LCD_WR_DATA8(0x19);
 166   1          LCD_WR_DATA8(0x20);
 167   1          LCD_WR_REG(0xe1);
 168   1          LCD_WR_DATA8(0xd0);
 169   1          LCD_WR_DATA8(0x00);
 170   1          LCD_WR_DATA8(0x06);
 171   1          LCD_WR_DATA8(0x09);
 172   1          LCD_WR_DATA8(0x0b);
 173   1          LCD_WR_DATA8(0x29);
 174   1          LCD_WR_DATA8(0x36);
 175   1          LCD_WR_DATA8(0x54);
 176   1          LCD_WR_DATA8(0x4b);
 177   1          LCD_WR_DATA8(0x0d);
 178   1          LCD_WR_DATA8(0x16);
C51 COMPILER V9.52.0.0   LCD_INIT                                                          08/10/2021 09:49:27 PAGE 4   

 179   1          LCD_WR_DATA8(0x14);
 180   1          LCD_WR_DATA8(0x21);
 181   1          LCD_WR_DATA8(0x20);
 182   1          LCD_WR_REG(0x29);
 183   1      } 
 184          
 185          
 186          
 187          
 188          
 189          
 190          
 191          


MODULE INFORMATION:   STATIC OVERLAYABLE
   CODE SIZE        =    458    ----
   CONSTANT SIZE    =   ----    ----
   XDATA SIZE       =   ----       8
   PDATA SIZE       =   ----    ----
   DATA SIZE        =   ----    ----
   IDATA SIZE       =   ----    ----
   BIT SIZE         =   ----    ----
END OF MODULE INFORMATION.


C51 COMPILATION COMPLETE.  0 WARNING(S),  0 ERROR(S)
