C51 COMPILER V9.52.0.0   MAIN                                                              08/09/2021 08:47:33 PAGE 1   


C51 COMPILER V9.52.0.0, COMPILATION OF MODULE MAIN
OBJECT MODULE PLACED IN .\obj\main.obj
COMPILER INVOKED BY: C:\Keil4\C51\BIN\C51.EXE USER\main.c LARGE BROWSE INCDIR(.\font;.\LCD;.\sys;.\touch;.\GUI;.\USER) D
                    -EBUG OBJECTEXTEND PRINT(.\main.lst) TABS(2) OBJECT(.\obj\main.obj)

line level    source

   1          #include "sys.h"
   2          #include "lcd.h"
   3          #include "gui.h"
   4          #include "test.h"
   5          //////////////////////////////////////////////////////////////////////////////////   
   6          //本程序只供学习使用，未经作者许可，不得用于其它任何用途
   7          //测试硬件：单片机51  单片机工作电压3.3V
   8          //淘宝网站：https://shop73023976.taobao.com/?spm=2013.1.1000126.d21.dSpP3S
   9          //我司提供技术支持，任何技术问题欢迎随时交流学习
  10          //技术交流QQ群:2534656669
  11          //创建日期:2015/5/5
  12          //版本：V1.1
  13          //版权所有，盗版必究。
  14          //Copyright(C) 中景园电子
  15          //All rights reserved
  16          //All rights reserved
  17          //********************************************************************************
  18          
  19          /**************************************************************************************
  20          //=======================================液晶屏数据线接线==========================================//
  21          //P2组高8位数据口,DB8-DB15依次连接P2^0-P2^7;8位模式下只使用高8位
  22          #define  LCD_DataPortH P2 
  23          //P0组低8位数据口,DB0-DB7依次连接P0^0-P0^7;请确认P0口已经上拉10K电阻,不宜太小，最小4.7K,推荐10K.    
  24          #define  LCD_DataPortL P0     
  25          //=======================================液晶屏控制线接线==========================================//
  26          CS=P1^3;    //片选  
  27          RS=P1^2;      //数据/命令切换
  28          WR=P1^1;    //写控制
  29          RD=P1^0;    //读控制
  30          RESET=P3^3;   //复位 
  31          LCD_BL=P3^2;  //背光控制
  32          //=========================================触摸屏触接线=========================================//
  33          //不使用触摸或者模块本身不带触摸，则可不连接
  34          TCLK    =    P3^6; //触摸屏SPI总线时钟信号接P3.6  
  35          TCS       =    P3^7; //触摸片选TCS接P3.7
  36          MOS      =    P3^4; //MOSI接P3.4  
  37          MIS      =    P3^5; //MISO接P3.5                                               
  38          PEN    =    P4^0; //PEN引脚接P4.0，如单片机无P4组，请自行更改其他可用IO并修改代码定义
  39          **************************************************************************************************/ 
  40          
  41          //STC单片机IO推挽输出设置定义
  42          //其他普通C51单片机无此配置请屏蔽下面这条语句
  43          sfr P3M1  = 0xB1; //P3M1.n,P3M0.n   =00--->Standard,  01--->push-pull
  44          sfr P3M0  = 0xB2; //          =10--->pure input,  11--->open drain
  45          
  46          //主函数
  47          void main(void)
  48          { 
  49   1      
  50   1        //设置STC_12LE5A60S2单片机的P3.2为推挽输出，用于控制背光亮灭
  51   1        //其他普通C51单片机无此配置请屏蔽下面这条语句
  52   1        P3M1 &= ~(1<<2),P3M0 |=  (1<<2); 
  53   1      
  54   1        //液晶屏初始化
C51 COMPILER V9.52.0.0   MAIN                                                              08/09/2021 08:47:33 PAGE 2   

  55   1        LCD_Init();
  56   1      
  57   1        //循环进行各项测试  
  58   1        while(1)
  59   1        { 
  60   2          main_test();    //测试主界面
  61   2          Test_Color();     //简单刷屏填充测试
  62   2          Test_FillRec();   //GUI矩形绘图测试
  63   2          Test_Circle();    //GUI画圆测试
  64   2          English_Font_test();//英文字体示例测试
  65   2          Chinese_Font_test();//中文字体示例测试
  66   2          Pic_test();     //图片显示示例测试
  67   2          Touch_Test();   //触摸屏手写测试
  68   2        }   
  69   1      }


MODULE INFORMATION:   STATIC OVERLAYABLE
   CODE SIZE        =     35    ----
   CONSTANT SIZE    =   ----    ----
   XDATA SIZE       =   ----    ----
   PDATA SIZE       =   ----    ----
   DATA SIZE        =   ----    ----
   IDATA SIZE       =   ----    ----
   BIT SIZE         =   ----    ----
END OF MODULE INFORMATION.


C51 COMPILATION COMPLETE.  0 WARNING(S),  0 ERROR(S)
